<?xml version="1.0" encoding="UTF-8"?>
<!-- Generated by org.testng.reporters.JUnitXMLReporter -->
<testsuite ignored="1" hostname="Ankit-OS11" failures="0" tests="2" name="Default test" time="15.051" errors="0" timestamp="2024-08-27T13:40:42 IST">
  <testcase classname="com.MyStoreTestCases.TC_MyAccounPageTestDataDrivenTesting" name="VerifyLogin" time="2.956"/>
  <testcase classname="com.MyStoreTestCases.TC_MyAccounPageTestDataDrivenTesting" name="VerifyLogin" time="2.539"/>
  <testcase classname="com.MyStoreTestCases.TC_MyAccounPageTestDataDrivenTesting" name="verifyRegistrationAndLogin" time="0.0">
    <ignored/>
  </testcase> <!-- verifyRegistrationAndLogin -->
</testsuite> <!-- Default test -->
