<?xml version="1.0" encoding="UTF-8"?>
<!-- Generated by org.testng.reporters.JUnitXMLReporter -->
<testsuite ignored="2" hostname="Ankit-OS11" failures="0" tests="3" name="Test" time="26.243" errors="0" timestamp="2024-08-27T13:41:58 IST">
  <testcase classname="com.MyStoreTestCases.TC_ProductPageTest" name="verifySearchProduct" time="5.776"/>
  <testcase classname="com.MyStoreTestCases.TC_MyAccounPageTestDataDrivenTesting" name="VerifyLogin" time="3.005"/>
  <testcase classname="com.MyStoreTestCases.TC_MyAccounPageTestDataDrivenTesting" name="VerifyLogin" time="2.486"/>
  <testcase classname="com.MyStoreTestCases.TC_ProductPageTest" name="AddToComparePordWithoutLogin" time="0.0">
    <ignored/>
  </testcase> <!-- AddToComparePordWithoutLogin -->
  <testcase classname="com.MyStoreTestCases.TC_MyAccounPageTestDataDrivenTesting" name="verifyRegistrationAndLogin" time="0.0">
    <ignored/>
  </testcase> <!-- verifyRegistrationAndLogin -->
</testsuite> <!-- Test -->
