<?xml version="1.0" encoding="UTF-8"?>
<testng-results ignored="0" total="3" passed="3" failed="0" skipped="0">
  <reporter-output>
  </reporter-output>
  <suite started-at="2024-08-27T13:41:31 IST" name="Suite" finished-at="2024-08-27T13:41:58 IST" duration-ms="26243">
    <groups>
    </groups>
    <test started-at="2024-08-27T13:41:31 IST" name="Test" finished-at="2024-08-27T13:41:58 IST" duration-ms="26243">
      <class name="com.MyStoreTestCases.TC_MyAccounPageTestDataDrivenTesting">
        <test-method is-config="true" signature="setup()[pri:0, instance:com.MyStoreTestCases.TC_MyAccounPageTestDataDrivenTesting@70325e14]" started-at="2024-08-27T13:41:46 IST" name="setup" finished-at="2024-08-27T13:41:51 IST" duration-ms="5816" status="PASS">
          <reporter-output>
          </reporter-output>
        </test-method> <!-- setup -->
        <test-method signature="VerifyLogin(java.lang.String,java.lang.String,java.lang.String)[pri:0, instance:com.MyStoreTestCases.TC_MyAccounPageTestDataDrivenTesting@70325e14]" started-at="2024-08-27T13:41:52 IST" name="VerifyLogin" data-provider="LoginDataProvider" finished-at="2024-08-27T13:41:55 IST" duration-ms="3005" status="PASS">
          <params>
            <param index="0">
              <value>
                <![CDATA[sindhu.k3@rediffmail.com]]>
              </value>
            </param>
            <param index="1">
              <value>
                <![CDATA[Continen@99]]>
              </value>
            </param>
            <param index="2">
              <value>
                <![CDATA[Sindhu Kumari]]>
              </value>
            </param>
          </params>
          <reporter-output>
          </reporter-output>
        </test-method> <!-- VerifyLogin -->
        <test-method signature="VerifyLogin(java.lang.String,java.lang.String,java.lang.String)[pri:0, instance:com.MyStoreTestCases.TC_MyAccounPageTestDataDrivenTesting@70325e14]" started-at="2024-08-27T13:41:55 IST" name="VerifyLogin" data-provider="LoginDataProvider" finished-at="2024-08-27T13:41:58 IST" duration-ms="2486" status="PASS">
          <params>
            <param index="0">
              <value>
                <![CDATA[sindhu.k3@rediffmail.com]]>
              </value>
            </param>
            <param index="1">
              <value>
                <![CDATA[Continen@99]]>
              </value>
            </param>
            <param index="2">
              <value>
                <![CDATA[Sindhu Kumari]]>
              </value>
            </param>
          </params>
          <reporter-output>
          </reporter-output>
        </test-method> <!-- VerifyLogin -->
      </class> <!-- com.MyStoreTestCases.TC_MyAccounPageTestDataDrivenTesting -->
      <class name="com.MyStoreTestCases.TC_ProductPageTest">
        <test-method is-config="true" signature="setup()[pri:0, instance:com.MyStoreTestCases.TC_ProductPageTest@7bedc48a]" started-at="2024-08-27T13:41:32 IST" name="setup" finished-at="2024-08-27T13:41:40 IST" duration-ms="8151" status="PASS">
          <reporter-output>
          </reporter-output>
        </test-method> <!-- setup -->
        <test-method signature="verifySearchProduct()[pri:0, instance:com.MyStoreTestCases.TC_ProductPageTest@7bedc48a]" started-at="2024-08-27T13:41:40 IST" name="verifySearchProduct" finished-at="2024-08-27T13:41:46 IST" duration-ms="5776" status="PASS">
          <reporter-output>
          </reporter-output>
        </test-method> <!-- verifySearchProduct -->
      </class> <!-- com.MyStoreTestCases.TC_ProductPageTest -->
    </test> <!-- Test -->
  </suite> <!-- Suite -->
</testng-results>
